<?xml version="1.0" encoding="UTF-8"?>
<!-- Generated by org.testng.reporters.JUnitXMLReporter -->
<testsuite ignored="0" hostname="DESKTOP-0C97HCO" failures="1" tests="1" name="LoginTests" time="8.608" errors="0" timestamp="2025-12-10T15:32:10 IST">
  <testcase classname="com.bugblast.tests.LoginTest" name="testValidLogin" time="0.272">
    <failure type="org.openqa.selenium.ElementNotInteractableException" message="Element &amp;lt;span class=&amp;quot;nav-line-2 &amp;quot;&amp;gt; is not reachable by keyboard
Build info: version: &amp;apos;4.38.0&amp;apos;, revision: &amp;apos;6b412e825c*&amp;apos;
System info: os.name: &amp;apos;Windows 10&amp;apos;, os.arch: &amp;apos;amd64&amp;apos;, os.version: &amp;apos;10.0&amp;apos;, java.version: &amp;apos;17.0.6&amp;apos;
Driver info: org.openqa.selenium.firefox.FirefoxDriver
Command: [84a094a6-c9b1-4aa5-a192-2f98ba98d48a, sendKeysToElement {id=a79d4145-27e2-400d-815d-51f74e2c356c, value=[Ljava.lang.CharSequence;@6fa590ba}]
Capabilities {acceptInsecureCerts: true, browserName: firefox, browserVersion: 146.0, moz:accessibilityChecks: false, moz:buildID: 20251205151434, moz:geckodriverVersion: 0.36.0, moz:headless: false, moz:platformVersion: 10.0, moz:processID: 5984, moz:profile: C:\Users\USER\AppData\Local..., moz:shutdownTimeout: 60000, moz:webdriverClick: true, moz:windowless: false, pageLoadStrategy: normal, platformName: windows, proxy: Proxy(), setWindowRect: true, strictFileInteractability: false, timeouts: {implicit: 0, pageLoad: 300000, script: 30000}, unhandledPromptBehavior: dismiss and notify, userAgent: Mozilla/5.0 (Windows NT 10....}
Element: [[FirefoxDriver: firefox on windows (84a094a6-c9b1-4aa5-a192-2f98ba98d48a)] -&amp;gt; xpath: //span[contains(@class,&amp;apos;nav-line-2&amp;apos;) and contains(.,&amp;apos;Account &amp;amp; Lists&amp;apos;)]]
Session ID: 84a094a6-c9b1-4aa5-a192-2f98ba98d48a">
      <![CDATA[org.openqa.selenium.ElementNotInteractableException: Element <span class="nav-line-2 "> is not reachable by keyboard
Build info: version: '4.38.0', revision: '6b412e825c*'
System info: os.name: 'Windows 10', os.arch: 'amd64', os.version: '10.0', java.version: '17.0.6'
Driver info: org.openqa.selenium.firefox.FirefoxDriver
Command: [84a094a6-c9b1-4aa5-a192-2f98ba98d48a, sendKeysToElement {id=a79d4145-27e2-400d-815d-51f74e2c356c, value=[Ljava.lang.CharSequence;@6fa590ba}]
Capabilities {acceptInsecureCerts: true, browserName: firefox, browserVersion: 146.0, moz:accessibilityChecks: false, moz:buildID: 20251205151434, moz:geckodriverVersion: 0.36.0, moz:headless: false, moz:platformVersion: 10.0, moz:processID: 5984, moz:profile: C:\Users\USER\AppData\Local..., moz:shutdownTimeout: 60000, moz:webdriverClick: true, moz:windowless: false, pageLoadStrategy: normal, platformName: windows, proxy: Proxy(), setWindowRect: true, strictFileInteractability: false, timeouts: {implicit: 0, pageLoad: 300000, script: 30000}, unhandledPromptBehavior: dismiss and notify, userAgent: Mozilla/5.0 (Windows NT 10....}
Element: [[FirefoxDriver: firefox on windows (84a094a6-c9b1-4aa5-a192-2f98ba98d48a)] -> xpath: //span[contains(@class,'nav-line-2') and contains(.,'Account & Lists')]]
Session ID: 84a094a6-c9b1-4aa5-a192-2f98ba98d48a
at org.openqa.selenium.remote.ErrorCodec.decode(ErrorCodec.java:167)
at org.openqa.selenium.remote.codec.w3c.W3CHttpResponseCodec.decode(W3CHttpResponseCodec.java:138)
at org.openqa.selenium.remote.codec.w3c.W3CHttpResponseCodec.decode(W3CHttpResponseCodec.java:50)
at org.openqa.selenium.remote.HttpCommandExecutor.execute(HttpCommandExecutor.java:215)
at org.openqa.selenium.remote.service.DriverCommandExecutor.invokeExecute(DriverCommandExecutor.java:216)
at org.openqa.selenium.remote.service.DriverCommandExecutor.execute(DriverCommandExecutor.java:174)
at org.openqa.selenium.remote.RemoteWebDriver.execute(RemoteWebDriver.java:557)
at org.openqa.selenium.remote.RemoteWebElement.execute(RemoteWebElement.java:223)
at org.openqa.selenium.remote.RemoteWebElement.sendKeys(RemoteWebElement.java:110)
at org.openqa.selenium.support.pagefactory.internal.LocatingElementHandler.invoke(LocatingElementHandler.java:51)
at jdk.proxy2/jdk.proxy2.$Proxy9.sendKeys(Unknown Source)
at com.bugblast.pages.LoginPage.enterUsername(LoginPage.java:33)
at com.bugblast.tests.LoginTest.testValidLogin(LoginTest.java:13)
at java.base/java.util.ArrayList.forEach(ArrayList.java:1511)
... Removed 40 stack frames]]>
    </failure>
  </testcase> <!-- testValidLogin -->
</testsuite> <!-- LoginTests -->
